<?xml version="1.0" encoding="UTF-8"?>
<!-- Generated by org.testng.reporters.JUnitReportReporter -->
<testsuite skipped="0" hostname="DESKTOP-C3IEI47" name="Tests.TestDataForEndCanRein" tests="1" failures="0" timestamp="12 Jan 2022 13:39:48 GMT" time="314.708" errors="0">
  <testcase name="createPolicyNumbers" time="314.708" classname="Tests.TestDataForEndCanRein"/>
</testsuite> <!-- Tests.TestDataForEndCanRein -->
